[debug] [2021-06-03T22:01:04.879Z] ----------------------------------------------------------------------
[debug] [2021-06-03T22:01:04.880Z] Command:       /usr/local/bin/node /usr/local/bin/firebase deploy --only functions
[debug] [2021-06-03T22:01:04.881Z] CLI Version:   9.12.0
[debug] [2021-06-03T22:01:04.881Z] Platform:      darwin
[debug] [2021-06-03T22:01:04.881Z] Node Version:  v14.16.0
[debug] [2021-06-03T22:01:04.882Z] Time:          Fri Jun 04 2021 01:01:04 GMT+0300 (Eastern European Summer Time)
[debug] [2021-06-03T22:01:04.882Z] ----------------------------------------------------------------------
[debug] 
[debug] [2021-06-03T22:01:04.890Z] > command requires scopes: ["email","openid","https://www.googleapis.com/auth/cloudplatformprojects.readonly","https://www.googleapis.com/auth/firebase","https://www.googleapis.com/auth/cloud-platform"]
[debug] [2021-06-03T22:01:04.891Z] > authorizing via signed-in user (ostashevskiy82@gmail.com)
[debug] [2021-06-03T22:01:04.891Z] [iam] checking project dax-365 for permissions ["cloudfunctions.functions.create","cloudfunctions.functions.delete","cloudfunctions.functions.get","cloudfunctions.functions.list","cloudfunctions.functions.update","cloudfunctions.operations.get","firebase.projects.get"]
[debug] [2021-06-03T22:01:04.893Z] >>> HTTP REQUEST POST https://cloudresourcemanager.googleapis.com/v1/projects/dax-365:testIamPermissions  
 {"permissions":["cloudfunctions.functions.create","cloudfunctions.functions.delete","cloudfunctions.functions.get","cloudfunctions.functions.list","cloudfunctions.functions.update","cloudfunctions.operations.get","firebase.projects.get"]}
[debug] [2021-06-03T22:01:05.760Z] <<< HTTP RESPONSE 200 {"content-type":"application/json; charset=UTF-8","vary":"X-Origin, Referer, Origin,Accept-Encoding","date":"Thu, 03 Jun 2021 22:01:05 GMT","server":"ESF","cache-control":"private","x-xss-protection":"0","x-frame-options":"SAMEORIGIN","x-content-type-options":"nosniff","server-timing":"gfet4t7; dur=676","alt-svc":"h3-29=\":443\"; ma=2592000,h3-T051=\":443\"; ma=2592000,h3-Q050=\":443\"; ma=2592000,h3-Q046=\":443\"; ma=2592000,h3-Q043=\":443\"; ma=2592000,quic=\":443\"; ma=2592000; v=\"46,43\"","accept-ranges":"none","transfer-encoding":"chunked"}
[debug] [2021-06-03T22:01:05.761Z] >>> HTTP REQUEST POST https://iam.googleapis.com/v1/projects/dax-365/serviceAccounts/dax-365@appspot.gserviceaccount.com:testIamPermissions  
 {"permissions":["iam.serviceAccounts.actAs"]}
[debug] [2021-06-03T22:01:06.692Z] <<< HTTP RESPONSE 200 {"content-type":"application/json; charset=UTF-8","vary":"X-Origin, Referer, Origin,Accept-Encoding","date":"Thu, 03 Jun 2021 22:01:06 GMT","server":"ESF","cache-control":"private","x-xss-protection":"0","x-frame-options":"SAMEORIGIN","x-content-type-options":"nosniff","alt-svc":"h3-29=\":443\"; ma=2592000,h3-T051=\":443\"; ma=2592000,h3-Q050=\":443\"; ma=2592000,h3-Q046=\":443\"; ma=2592000,h3-Q043=\":443\"; ma=2592000,quic=\":443\"; ma=2592000; v=\"46,43\"","accept-ranges":"none","transfer-encoding":"chunked"}
[info] 
[info] === Deploying to 'dax-365'...
[info] 
[info] i  deploying functions 
[info] Running command: npm --prefix "$RESOURCE_DIR" run lint
[info] Running command: npm --prefix "$RESOURCE_DIR" run build
[info] ✔  functions: Finished running predeploy script. 
[info] i  functions: ensuring required API cloudfunctions.googleapis.com is enabled... 
[info] i  functions: ensuring required API cloudbuild.googleapis.com is enabled... 
[debug] [2021-06-03T22:01:18.976Z] >>> HTTP REQUEST GET https://serviceusage.googleapis.com/v1/projects/dax-365/services/cloudfunctions.googleapis.com  
 
[debug] [2021-06-03T22:01:18.976Z] >>> HTTP REQUEST GET https://serviceusage.googleapis.com/v1/projects/dax-365/services/runtimeconfig.googleapis.com  
 
[debug] [2021-06-03T22:01:18.977Z] >>> HTTP REQUEST GET https://serviceusage.googleapis.com/v1/projects/dax-365/services/cloudbuild.googleapis.com  
 
[debug] [2021-06-03T22:01:20.190Z] <<< HTTP RESPONSE 200 {"content-type":"application/json; charset=UTF-8","vary":"X-Origin, Referer, Origin,Accept-Encoding","date":"Thu, 03 Jun 2021 22:01:19 GMT","server":"ESF","cache-control":"private","x-xss-protection":"0","x-frame-options":"SAMEORIGIN","x-content-type-options":"nosniff","alt-svc":"h3-29=\":443\"; ma=2592000,h3-T051=\":443\"; ma=2592000,h3-Q050=\":443\"; ma=2592000,h3-Q046=\":443\"; ma=2592000,h3-Q043=\":443\"; ma=2592000,quic=\":443\"; ma=2592000; v=\"46,43\"","accept-ranges":"none","transfer-encoding":"chunked"}
[debug] [2021-06-03T22:01:20.228Z] <<< HTTP RESPONSE 200 {"content-type":"application/json; charset=UTF-8","vary":"X-Origin, Referer, Origin,Accept-Encoding","date":"Thu, 03 Jun 2021 22:01:19 GMT","server":"ESF","cache-control":"private","x-xss-protection":"0","x-frame-options":"SAMEORIGIN","x-content-type-options":"nosniff","alt-svc":"h3-29=\":443\"; ma=2592000,h3-T051=\":443\"; ma=2592000,h3-Q050=\":443\"; ma=2592000,h3-Q046=\":443\"; ma=2592000,h3-Q043=\":443\"; ma=2592000,quic=\":443\"; ma=2592000; v=\"46,43\"","accept-ranges":"none","transfer-encoding":"chunked"}
[info] ✔  functions: required API cloudbuild.googleapis.com is enabled 
[debug] [2021-06-03T22:01:20.287Z] <<< HTTP RESPONSE 200 {"content-type":"application/json; charset=UTF-8","vary":"X-Origin, Referer, Origin,Accept-Encoding","date":"Thu, 03 Jun 2021 22:01:19 GMT","server":"ESF","cache-control":"private","x-xss-protection":"0","x-frame-options":"SAMEORIGIN","x-content-type-options":"nosniff","alt-svc":"h3-29=\":443\"; ma=2592000,h3-T051=\":443\"; ma=2592000,h3-Q050=\":443\"; ma=2592000,h3-Q046=\":443\"; ma=2592000,h3-Q043=\":443\"; ma=2592000,quic=\":443\"; ma=2592000; v=\"46,43\"","accept-ranges":"none","transfer-encoding":"chunked"}
[info] ✔  functions: required API cloudfunctions.googleapis.com is enabled 
[debug] [2021-06-03T22:01:20.288Z] >>> HTTP REQUEST GET https://firebase.googleapis.com/v1beta1/projects/dax-365/adminSdkConfig  
 
[debug] [2021-06-03T22:01:20.817Z] <<< HTTP RESPONSE 200 {"content-type":"application/json; charset=UTF-8","vary":"X-Origin, Referer, Origin,Accept-Encoding","date":"Thu, 03 Jun 2021 22:01:20 GMT","server":"ESF","cache-control":"private","x-xss-protection":"0","x-frame-options":"SAMEORIGIN","x-content-type-options":"nosniff","alt-svc":"h3-29=\":443\"; ma=2592000,h3-T051=\":443\"; ma=2592000,h3-Q050=\":443\"; ma=2592000,h3-Q046=\":443\"; ma=2592000,h3-Q043=\":443\"; ma=2592000,quic=\":443\"; ma=2592000; v=\"46,43\"","accept-ranges":"none","transfer-encoding":"chunked"}
[info] i  functions: preparing functions directory for uploading... 
[debug] [2021-06-03T22:01:20.819Z] >>> HTTP REQUEST GET https://runtimeconfig.googleapis.com/v1beta1/projects/dax-365/configs  
 
[debug] [2021-06-03T22:01:22.575Z] <<< HTTP RESPONSE 200 {"content-type":"application/json; charset=UTF-8","vary":"X-Origin, Referer, Origin,Accept-Encoding","date":"Thu, 03 Jun 2021 22:01:22 GMT","server":"ESF","cache-control":"private","x-xss-protection":"0","x-frame-options":"SAMEORIGIN","x-content-type-options":"nosniff","alt-svc":"h3-29=\":443\"; ma=2592000,h3-T051=\":443\"; ma=2592000,h3-Q050=\":443\"; ma=2592000,h3-Q046=\":443\"; ma=2592000,h3-Q043=\":443\"; ma=2592000,quic=\":443\"; ma=2592000; v=\"46,43\"","accept-ranges":"none","transfer-encoding":"chunked"}
[debug] [2021-06-03T22:01:22.576Z] Analyizing backend with strategy parseJSExports
[info] i  functions: packaged functions (59.91 KB) for uploading 
[info] i  pubsub: ensuring required API pubsub.googleapis.com is enabled... 
[info] i  scheduler: ensuring required API cloudscheduler.googleapis.com is enabled... 
[debug] [2021-06-03T22:01:22.789Z] >>> HTTP REQUEST GET https://serviceusage.googleapis.com/v1/projects/dax-365/services/pubsub.googleapis.com  
 
[debug] [2021-06-03T22:01:22.789Z] >>> HTTP REQUEST GET https://serviceusage.googleapis.com/v1/projects/dax-365/services/cloudscheduler.googleapis.com  
 
[debug] [2021-06-03T22:01:22.790Z] > [functions] package.json contents: {
  "name": "functions",
  "scripts": {
    "lint": "eslint --fix --ext .js,.ts .",
    "build": "tsc",
    "serve": "npm run build && firebase emulators:start --only functions",
    "shell": "npm run build && firebase functions:shell",
    "start": "npm run shell",
    "deploy": "firebase deploy --only functions",
    "logs": "firebase functions:log"
  },
  "engines": {
    "node": "14"
  },
  "main": "lib/index.js",
  "dependencies": {
    "firebase-admin": "^9.8.0",
    "firebase-functions": "^3.14.1"
  },
  "devDependencies": {
    "@typescript-eslint/eslint-plugin": "^3.9.1",
    "@typescript-eslint/parser": "^3.8.0",
    "eslint": "^7.6.0",
    "eslint-config-google": "^0.14.0",
    "eslint-plugin-import": "^2.22.0",
    "firebase-functions-test": "^0.2.0",
    "typescript": "^3.8.0"
  },
  "private": true
}
[debug] [2021-06-03T22:01:22.791Z] >>> HTTP REQUEST GET https://cloudfunctions.googleapis.com/v1/projects/dax-365/locations/-/functions  
 
[debug] [2021-06-03T22:01:23.691Z] <<< HTTP RESPONSE 200 {"content-type":"application/json; charset=UTF-8","vary":"X-Origin, Referer, Origin,Accept-Encoding","date":"Thu, 03 Jun 2021 22:01:23 GMT","server":"ESF","cache-control":"private","x-xss-protection":"0","x-frame-options":"SAMEORIGIN","x-content-type-options":"nosniff","alt-svc":"h3-29=\":443\"; ma=2592000,h3-T051=\":443\"; ma=2592000,h3-Q050=\":443\"; ma=2592000,h3-Q046=\":443\"; ma=2592000,h3-Q043=\":443\"; ma=2592000,quic=\":443\"; ma=2592000; v=\"46,43\"","accept-ranges":"none","transfer-encoding":"chunked"}
[debug] [2021-06-03T22:01:23.694Z] >>> HTTP REQUEST POST https://cloudfunctions.googleapis.com/v1/projects/dax-365/locations/us-central1/functions:generateUploadUrl  
 
[debug] [2021-06-03T22:01:23.792Z] <<< HTTP RESPONSE 200 {"content-type":"application/json; charset=UTF-8","vary":"X-Origin, Referer, Origin,Accept-Encoding","date":"Thu, 03 Jun 2021 22:01:23 GMT","server":"ESF","cache-control":"private","x-xss-protection":"0","x-frame-options":"SAMEORIGIN","x-content-type-options":"nosniff","alt-svc":"h3-29=\":443\"; ma=2592000,h3-T051=\":443\"; ma=2592000,h3-Q050=\":443\"; ma=2592000,h3-Q046=\":443\"; ma=2592000,h3-Q043=\":443\"; ma=2592000,quic=\":443\"; ma=2592000; v=\"46,43\"","accept-ranges":"none","transfer-encoding":"chunked"}
[info] ✔  scheduler: required API cloudscheduler.googleapis.com is enabled 
[debug] [2021-06-03T22:01:23.836Z] <<< HTTP RESPONSE 200 {"content-type":"application/json; charset=UTF-8","vary":"X-Origin, Referer, Origin,Accept-Encoding","date":"Thu, 03 Jun 2021 22:01:23 GMT","server":"ESF","cache-control":"private","x-xss-protection":"0","x-frame-options":"SAMEORIGIN","x-content-type-options":"nosniff","alt-svc":"h3-29=\":443\"; ma=2592000,h3-T051=\":443\"; ma=2592000,h3-Q050=\":443\"; ma=2592000,h3-Q046=\":443\"; ma=2592000,h3-Q043=\":443\"; ma=2592000,quic=\":443\"; ma=2592000; v=\"46,43\"","accept-ranges":"none","transfer-encoding":"chunked"}
[info] ✔  pubsub: required API pubsub.googleapis.com is enabled 
[debug] [2021-06-03T22:01:24.503Z] <<< HTTP RESPONSE 200 {"content-type":"application/json; charset=UTF-8","vary":"X-Origin, Referer, Origin,Accept-Encoding","date":"Thu, 03 Jun 2021 22:01:24 GMT","server":"ESF","cache-control":"private","x-xss-protection":"0","x-frame-options":"SAMEORIGIN","x-content-type-options":"nosniff","alt-svc":"h3-29=\":443\"; ma=2592000,h3-T051=\":443\"; ma=2592000,h3-Q050=\":443\"; ma=2592000,h3-Q046=\":443\"; ma=2592000,h3-Q043=\":443\"; ma=2592000,quic=\":443\"; ma=2592000; v=\"46,43\"","accept-ranges":"none","transfer-encoding":"chunked"}
[debug] [2021-06-03T22:01:24.506Z] >>> HTTP REQUEST PUT https://storage.googleapis.com/gcf-upload-us-central1-6deb109f-353c-49b0-9642-0086fefc1854/4e6a521c-1cdb-4310-9b64-96db4ec01dd0.zip?GoogleAccessId=service-940959377089@gcf-admin-robot.iam.gserviceaccount.com&Expires=1622759483&Signature=FfGmOo2rppX2mRnEHg%2BE1yYGOsOWath1QUZRtSbr2ag35lyNzfcD%2FHI9xcHXVrIQBUBDU1EJhkFH9JBL3XQXOVe3WP0oN0CqRs2H%2F4UCEwitpYkceXXIMMeBX%2BFulPsbjr2IEUu5tuJJtjcnohCcx32uxnrF7pUOHPs1VR13Jb9Zdmd2EQejeNBtR%2Fga2%2B3wG7dOcREwv6R0H9cs5RuXvAzeRVCdf2YChGdQv7XdSPuhplJsrtoYgqFWAyan6j2nBmym9AFduq0Z1HosSwjUL5IRU1uAWIAIp%2Bjk8EfZPRfVPpS3r%2FeC7Xd5jNurnsxoFhBll0gw3Af%2F7NqesgJqwA%3D%3D  
 <request body omitted>
[debug] [2021-06-03T22:01:24.917Z] <<< HTTP RESPONSE 200 {"x-guploader-uploadid":"ABg5-Uy3Ik5MIwrqgC-ZQgLBACzxtoonSx1RrDLq81srhRs7o2D63joTi0ZomcYmpdRIWq9_0pbaqqob7B_wNfTEng","etag":"\"d3959bec451b056cdda61962212a23cc\"","x-goog-generation":"1622757684489744","x-goog-metageneration":"1","x-goog-hash":"crc32c=dTa/GQ==, md5=05Wb7EUbBWzdphliISojzA==","x-goog-stored-content-length":"61345","x-goog-stored-content-encoding":"identity","vary":"Origin","content-length":"0","date":"Thu, 03 Jun 2021 22:01:24 GMT","server":"UploadServer","content-type":"text/html; charset=UTF-8","alt-svc":"h3-29=\":443\"; ma=2592000,h3-T051=\":443\"; ma=2592000,h3-Q050=\":443\"; ma=2592000,h3-Q046=\":443\"; ma=2592000,h3-Q043=\":443\"; ma=2592000,quic=\":443\"; ma=2592000; v=\"46,43\""}
[info] ✔  functions: functions folder uploaded successfully 
[info] i  functions: updating Node.js 14 function completeProfile(us-central1)... 
[debug] [2021-06-03T22:01:24.923Z] >>> HTTP REQUEST GET https://cloudscheduler.googleapis.com/v1beta1/projects/dax-365/locations/europe-west1/jobs/firebase-schedule-scheduledFunction-us-central1  
 
[debug] [2021-06-03T22:01:24.923Z] >>> HTTP REQUEST PATCH https://cloudfunctions.googleapis.com/v1/projects/dax-365/locations/us-central1/functions/completeProfile {"updateMask":"name,sourceUploadUrl,entryPoint,runtime,httpsTrigger.securityLevel,labels,environmentVariables"} 
 {"name":"projects/dax-365/locations/us-central1/functions/completeProfile","sourceUploadUrl":"https://storage.googleapis.com/gcf-upload-us-central1-6deb109f-353c-49b0-9642-0086fefc1854/4e6a521c-1cdb-4310-9b64-96db4ec01dd0.zip?GoogleAccessId=service-940959377089@gcf-admin-robot.iam.gserviceaccount.com&Expires=1622759483&Signature=FfGmOo2rppX2mRnEHg%2BE1yYGOsOWath1QUZRtSbr2ag35lyNzfcD%2FHI9xcHXVrIQBUBDU1EJhkFH9JBL3XQXOVe3WP0oN0CqRs2H%2F4UCEwitpYkceXXIMMeBX%2BFulPsbjr2IEUu5tuJJtjcnohCcx32uxnrF7pUOHPs1VR13Jb9Zdmd2EQejeNBtR%2Fga2%2B3wG7dOcREwv6R0H9cs5RuXvAzeRVCdf2YChGdQv7XdSPuhplJsrtoYgqFWAyan6j2nBmym9AFduq0Z1HosSwjUL5IRU1uAWIAIp%2Bjk8EfZPRfVPpS3r%2FeC7Xd5jNurnsxoFhBll0gw3Af%2F7NqesgJqwA%3D%3D","entryPoint":"completeProfile","runtime":"nodejs14","httpsTrigger":{"securityLevel":"SECURE_OPTIONAL"},"labels":{"deployment-callable":"true","deployment-tool":"cli-firebase"},"environmentVariables":{"FIREBASE_CONFIG":"{\"projectId\":\"dax-365\",\"databaseURL\":\"https://dax-365-default-rtdb.europe-west1.firebasedatabase.app\",\"storageBucket\":\"dax-365.appspot.com\",\"locationId\":\"europe-west\"}"}}
[debug] [2021-06-03T22:01:25.427Z] <<< HTTP RESPONSE 200 {"content-type":"application/json; charset=UTF-8","vary":"X-Origin, Referer, Origin,Accept-Encoding","date":"Thu, 03 Jun 2021 22:01:24 GMT","server":"ESF","cache-control":"private","x-xss-protection":"0","x-frame-options":"SAMEORIGIN","x-content-type-options":"nosniff","alt-svc":"h3-29=\":443\"; ma=2592000,h3-T051=\":443\"; ma=2592000,h3-Q050=\":443\"; ma=2592000,h3-Q046=\":443\"; ma=2592000,h3-Q043=\":443\"; ma=2592000,quic=\":443\"; ma=2592000; v=\"46,43\"","accept-ranges":"none","transfer-encoding":"chunked"}
[debug] [2021-06-03T22:01:25.428Z] >>> HTTP REQUEST PATCH https://cloudscheduler.googleapis.com/v1beta1/projects/dax-365/locations/europe-west1/jobs/firebase-schedule-scheduledFunction-us-central1  
 {"timeZone":"America/Los_Angeles","name":"projects/dax-365/locations/europe-west1/jobs/firebase-schedule-scheduledFunction-us-central1","schedule":"0 13 * * *","pubsubTarget":{"topicName":"projects/dax-365/topics/firebase-schedule-scheduledFunction-us-central1","attributes":{"scheduled":"true"}}}
[debug] [2021-06-03T22:01:25.585Z] <<< HTTP RESPONSE 200 {"content-type":"application/json; charset=UTF-8","vary":"X-Origin, Referer, Origin,Accept-Encoding","date":"Thu, 03 Jun 2021 22:01:25 GMT","server":"ESF","cache-control":"private","x-xss-protection":"0","x-frame-options":"SAMEORIGIN","x-content-type-options":"nosniff","alt-svc":"h3-29=\":443\"; ma=2592000,h3-T051=\":443\"; ma=2592000,h3-Q050=\":443\"; ma=2592000,h3-Q046=\":443\"; ma=2592000,h3-Q043=\":443\"; ma=2592000,quic=\":443\"; ma=2592000; v=\"46,43\"","accept-ranges":"none","transfer-encoding":"chunked"}
[debug] [2021-06-03T22:01:25.587Z] > refreshing access token with scopes: []
[debug] [2021-06-03T22:01:25.588Z] >>> HTTP REQUEST POST https://www.googleapis.com/oauth2/v3/token  
 <request body omitted>
[debug] [2021-06-03T22:01:25.760Z] <<< HTTP RESPONSE 200 {"expires":"Mon, 01 Jan 1990 00:00:00 GMT","cache-control":"no-cache, no-store, max-age=0, must-revalidate","date":"Thu, 03 Jun 2021 22:01:25 GMT","pragma":"no-cache","content-type":"application/json; charset=utf-8","vary":"X-Origin, Referer, Origin,Accept-Encoding","server":"scaffolding on HTTPServer2","x-xss-protection":"0","x-frame-options":"SAMEORIGIN","x-content-type-options":"nosniff","alt-svc":"h3-29=\":443\"; ma=2592000,h3-T051=\":443\"; ma=2592000,h3-Q050=\":443\"; ma=2592000,h3-Q046=\":443\"; ma=2592000,h3-Q043=\":443\"; ma=2592000,quic=\":443\"; ma=2592000; v=\"46,43\"","accept-ranges":"none","transfer-encoding":"chunked"}
[debug] [2021-06-03T22:01:25.798Z] >>> [apiv2][query] GET https://cloudfunctions.googleapis.com/v1/operations/ZGF4LTM2NS91cy1jZW50cmFsMS9jb21wbGV0ZVByb2ZpbGUvcjFzbUM4Z3hhczQ [none]
[debug] [2021-06-03T22:01:25.894Z] <<< HTTP RESPONSE 200 {"content-type":"application/json; charset=UTF-8","vary":"X-Origin, Referer, Origin,Accept-Encoding","date":"Thu, 03 Jun 2021 22:01:25 GMT","server":"ESF","cache-control":"private","x-xss-protection":"0","x-frame-options":"SAMEORIGIN","x-content-type-options":"nosniff","alt-svc":"h3-29=\":443\"; ma=2592000,h3-T051=\":443\"; ma=2592000,h3-Q050=\":443\"; ma=2592000,h3-Q046=\":443\"; ma=2592000,h3-Q043=\":443\"; ma=2592000,quic=\":443\"; ma=2592000; v=\"46,43\"","accept-ranges":"none","transfer-encoding":"chunked"}
[debug] [2021-06-03T22:01:25.894Z] updated scheduler job firebase-schedule-scheduledFunction-us-central1
[info] ✔  functions[scheduledFunction(us-central1)]: Successful upsert schedule operation.  
[debug] [2021-06-03T22:01:26.353Z] <<< [apiv2][status] GET https://cloudfunctions.googleapis.com/v1/operations/ZGF4LTM2NS91cy1jZW50cmFsMS9jb21wbGV0ZVByb2ZpbGUvcjFzbUM4Z3hhczQ 200
[debug] [2021-06-03T22:01:26.353Z] <<< [apiv2][body] GET https://cloudfunctions.googleapis.com/v1/operations/ZGF4LTM2NS91cy1jZW50cmFsMS9jb21wbGV0ZVByb2ZpbGUvcjFzbUM4Z3hhczQ {"name":"operations/ZGF4LTM2NS91cy1jZW50cmFsMS9jb21wbGV0ZVByb2ZpbGUvcjFzbUM4Z3hhczQ","metadata":{"@type":"type.googleapis.com/google.cloud.functions.v1.OperationMetadataV1","target":"projects/dax-365/locations/us-central1/functions/completeProfile","type":"UPDATE_FUNCTION","request":{"@type":"type.googleapis.com/google.cloud.functions.v1.CloudFunction","name":"projects/dax-365/locations/us-central1/functions/completeProfile","httpsTrigger":{"url":"https://us-central1-dax-365.cloudfunctions.net/completeProfile","securityLevel":"SECURE_OPTIONAL"},"status":"ACTIVE","entryPoint":"completeProfile","timeout":"60s","availableMemoryMb":256,"serviceAccountEmail":"dax-365@appspot.gserviceaccount.com","updateTime":"2021-06-03T21:52:33.049Z","versionId":"27","labels":{"deployment-callable":"true","deployment-tool":"cli-firebase"},"sourceUploadUrl":"https://storage.googleapis.com/gcf-upload-us-central1-6deb109f-353c-49b0-9642-0086fefc1854/4e6a521c-1cdb-4310-9b64-96db4ec01dd0.zip?GoogleAccessId=service-940959377089@gcf-admin-robot.iam.gserviceaccount.com&Expires=1622759483&Signature=FfGmOo2rppX2mRnEHg%2BE1yYGOsOWath1QUZRtSbr2ag35lyNzfcD%2FHI9xcHXVrIQBUBDU1EJhkFH9JBL3XQXOVe3WP0oN0CqRs2H%2F4UCEwitpYkceXXIMMeBX%2BFulPsbjr2IEUu5tuJJtjcnohCcx32uxnrF7pUOHPs1VR13Jb9Zdmd2EQejeNBtR%2Fga2%2B3wG7dOcREwv6R0H9cs5RuXvAzeRVCdf2YChGdQv7XdSPuhplJsrtoYgqFWAyan6j2nBmym9AFduq0Z1HosSwjUL5IRU1uAWIAIp%2Bjk8EfZPRfVPpS3r%2FeC7Xd5jNurnsxoFhBll0gw3Af%2F7NqesgJqwA%3D%3D","environmentVariables":{"FIREBASE_CONFIG":"{\"projectId\":\"dax-365\",\"databaseURL\":\"https://dax-365-default-rtdb.europe-west1.firebasedatabase.app\",\"storageBucket\":\"dax-365.appspot.com\",\"locationId\":\"europe-west\"}"},"runtime":"nodejs14","ingressSettings":"ALLOW_ALL","buildId":"a9e73565-a7e7-4feb-86f6-d83dec17591b"},"versionId":"28","updateTime":"2021-06-03T22:01:25Z","buildId":"34785e15-2f9c-4b18-bbf1-4c8f793c3da3","buildName":"projects/940959377089/locations/us-central1/builds/34785e15-2f9c-4b18-bbf1-4c8f793c3da3"}}
[debug] [2021-06-03T22:01:26.859Z] [update-projects/dax-365/locations/us-central1/functions/completeProfile] Retrying task index 0
[debug] [2021-06-03T22:01:26.860Z] >>> [apiv2][query] GET https://cloudfunctions.googleapis.com/v1/operations/ZGF4LTM2NS91cy1jZW50cmFsMS9jb21wbGV0ZVByb2ZpbGUvcjFzbUM4Z3hhczQ [none]
[debug] [2021-06-03T22:01:27.374Z] <<< [apiv2][status] GET https://cloudfunctions.googleapis.com/v1/operations/ZGF4LTM2NS91cy1jZW50cmFsMS9jb21wbGV0ZVByb2ZpbGUvcjFzbUM4Z3hhczQ 200
[debug] [2021-06-03T22:01:27.375Z] <<< [apiv2][body] GET https://cloudfunctions.googleapis.com/v1/operations/ZGF4LTM2NS91cy1jZW50cmFsMS9jb21wbGV0ZVByb2ZpbGUvcjFzbUM4Z3hhczQ {"name":"operations/ZGF4LTM2NS91cy1jZW50cmFsMS9jb21wbGV0ZVByb2ZpbGUvcjFzbUM4Z3hhczQ","metadata":{"@type":"type.googleapis.com/google.cloud.functions.v1.OperationMetadataV1","target":"projects/dax-365/locations/us-central1/functions/completeProfile","type":"UPDATE_FUNCTION","request":{"@type":"type.googleapis.com/google.cloud.functions.v1.CloudFunction","name":"projects/dax-365/locations/us-central1/functions/completeProfile","httpsTrigger":{"url":"https://us-central1-dax-365.cloudfunctions.net/completeProfile","securityLevel":"SECURE_OPTIONAL"},"status":"ACTIVE","entryPoint":"completeProfile","timeout":"60s","availableMemoryMb":256,"serviceAccountEmail":"dax-365@appspot.gserviceaccount.com","updateTime":"2021-06-03T21:52:33.049Z","versionId":"27","labels":{"deployment-callable":"true","deployment-tool":"cli-firebase"},"sourceUploadUrl":"https://storage.googleapis.com/gcf-upload-us-central1-6deb109f-353c-49b0-9642-0086fefc1854/4e6a521c-1cdb-4310-9b64-96db4ec01dd0.zip?GoogleAccessId=service-940959377089@gcf-admin-robot.iam.gserviceaccount.com&Expires=1622759483&Signature=FfGmOo2rppX2mRnEHg%2BE1yYGOsOWath1QUZRtSbr2ag35lyNzfcD%2FHI9xcHXVrIQBUBDU1EJhkFH9JBL3XQXOVe3WP0oN0CqRs2H%2F4UCEwitpYkceXXIMMeBX%2BFulPsbjr2IEUu5tuJJtjcnohCcx32uxnrF7pUOHPs1VR13Jb9Zdmd2EQejeNBtR%2Fga2%2B3wG7dOcREwv6R0H9cs5RuXvAzeRVCdf2YChGdQv7XdSPuhplJsrtoYgqFWAyan6j2nBmym9AFduq0Z1HosSwjUL5IRU1uAWIAIp%2Bjk8EfZPRfVPpS3r%2FeC7Xd5jNurnsxoFhBll0gw3Af%2F7NqesgJqwA%3D%3D","environmentVariables":{"FIREBASE_CONFIG":"{\"projectId\":\"dax-365\",\"databaseURL\":\"https://dax-365-default-rtdb.europe-west1.firebasedatabase.app\",\"storageBucket\":\"dax-365.appspot.com\",\"locationId\":\"europe-west\"}"},"runtime":"nodejs14","ingressSettings":"ALLOW_ALL","buildId":"a9e73565-a7e7-4feb-86f6-d83dec17591b"},"versionId":"28","updateTime":"2021-06-03T22:01:25Z","buildId":"34785e15-2f9c-4b18-bbf1-4c8f793c3da3","buildName":"projects/940959377089/locations/us-central1/builds/34785e15-2f9c-4b18-bbf1-4c8f793c3da3"}}
[debug] [2021-06-03T22:01:28.379Z] [update-projects/dax-365/locations/us-central1/functions/completeProfile] Retrying task index 0
[debug] [2021-06-03T22:01:28.379Z] >>> [apiv2][query] GET https://cloudfunctions.googleapis.com/v1/operations/ZGF4LTM2NS91cy1jZW50cmFsMS9jb21wbGV0ZVByb2ZpbGUvcjFzbUM4Z3hhczQ [none]
[debug] [2021-06-03T22:01:28.857Z] <<< [apiv2][status] GET https://cloudfunctions.googleapis.com/v1/operations/ZGF4LTM2NS91cy1jZW50cmFsMS9jb21wbGV0ZVByb2ZpbGUvcjFzbUM4Z3hhczQ 200
[debug] [2021-06-03T22:01:28.857Z] <<< [apiv2][body] GET https://cloudfunctions.googleapis.com/v1/operations/ZGF4LTM2NS91cy1jZW50cmFsMS9jb21wbGV0ZVByb2ZpbGUvcjFzbUM4Z3hhczQ {"name":"operations/ZGF4LTM2NS91cy1jZW50cmFsMS9jb21wbGV0ZVByb2ZpbGUvcjFzbUM4Z3hhczQ","metadata":{"@type":"type.googleapis.com/google.cloud.functions.v1.OperationMetadataV1","target":"projects/dax-365/locations/us-central1/functions/completeProfile","type":"UPDATE_FUNCTION","request":{"@type":"type.googleapis.com/google.cloud.functions.v1.CloudFunction","name":"projects/dax-365/locations/us-central1/functions/completeProfile","httpsTrigger":{"url":"https://us-central1-dax-365.cloudfunctions.net/completeProfile","securityLevel":"SECURE_OPTIONAL"},"status":"ACTIVE","entryPoint":"completeProfile","timeout":"60s","availableMemoryMb":256,"serviceAccountEmail":"dax-365@appspot.gserviceaccount.com","updateTime":"2021-06-03T21:52:33.049Z","versionId":"27","labels":{"deployment-callable":"true","deployment-tool":"cli-firebase"},"sourceUploadUrl":"https://storage.googleapis.com/gcf-upload-us-central1-6deb109f-353c-49b0-9642-0086fefc1854/4e6a521c-1cdb-4310-9b64-96db4ec01dd0.zip?GoogleAccessId=service-940959377089@gcf-admin-robot.iam.gserviceaccount.com&Expires=1622759483&Signature=FfGmOo2rppX2mRnEHg%2BE1yYGOsOWath1QUZRtSbr2ag35lyNzfcD%2FHI9xcHXVrIQBUBDU1EJhkFH9JBL3XQXOVe3WP0oN0CqRs2H%2F4UCEwitpYkceXXIMMeBX%2BFulPsbjr2IEUu5tuJJtjcnohCcx32uxnrF7pUOHPs1VR13Jb9Zdmd2EQejeNBtR%2Fga2%2B3wG7dOcREwv6R0H9cs5RuXvAzeRVCdf2YChGdQv7XdSPuhplJsrtoYgqFWAyan6j2nBmym9AFduq0Z1HosSwjUL5IRU1uAWIAIp%2Bjk8EfZPRfVPpS3r%2FeC7Xd5jNurnsxoFhBll0gw3Af%2F7NqesgJqwA%3D%3D","environmentVariables":{"FIREBASE_CONFIG":"{\"projectId\":\"dax-365\",\"databaseURL\":\"https://dax-365-default-rtdb.europe-west1.firebasedatabase.app\",\"storageBucket\":\"dax-365.appspot.com\",\"locationId\":\"europe-west\"}"},"runtime":"nodejs14","ingressSettings":"ALLOW_ALL","buildId":"a9e73565-a7e7-4feb-86f6-d83dec17591b"},"versionId":"28","updateTime":"2021-06-03T22:01:25Z","buildId":"34785e15-2f9c-4b18-bbf1-4c8f793c3da3","buildName":"projects/940959377089/locations/us-central1/builds/34785e15-2f9c-4b18-bbf1-4c8f793c3da3"}}
[debug] [2021-06-03T22:01:30.859Z] [update-projects/dax-365/locations/us-central1/functions/completeProfile] Retrying task index 0
[debug] [2021-06-03T22:01:30.859Z] >>> [apiv2][query] GET https://cloudfunctions.googleapis.com/v1/operations/ZGF4LTM2NS91cy1jZW50cmFsMS9jb21wbGV0ZVByb2ZpbGUvcjFzbUM4Z3hhczQ [none]
[debug] [2021-06-03T22:01:31.483Z] <<< [apiv2][status] GET https://cloudfunctions.googleapis.com/v1/operations/ZGF4LTM2NS91cy1jZW50cmFsMS9jb21wbGV0ZVByb2ZpbGUvcjFzbUM4Z3hhczQ 200
[debug] [2021-06-03T22:01:31.483Z] <<< [apiv2][body] GET https://cloudfunctions.googleapis.com/v1/operations/ZGF4LTM2NS91cy1jZW50cmFsMS9jb21wbGV0ZVByb2ZpbGUvcjFzbUM4Z3hhczQ {"name":"operations/ZGF4LTM2NS91cy1jZW50cmFsMS9jb21wbGV0ZVByb2ZpbGUvcjFzbUM4Z3hhczQ","metadata":{"@type":"type.googleapis.com/google.cloud.functions.v1.OperationMetadataV1","target":"projects/dax-365/locations/us-central1/functions/completeProfile","type":"UPDATE_FUNCTION","request":{"@type":"type.googleapis.com/google.cloud.functions.v1.CloudFunction","name":"projects/dax-365/locations/us-central1/functions/completeProfile","httpsTrigger":{"url":"https://us-central1-dax-365.cloudfunctions.net/completeProfile","securityLevel":"SECURE_OPTIONAL"},"status":"ACTIVE","entryPoint":"completeProfile","timeout":"60s","availableMemoryMb":256,"serviceAccountEmail":"dax-365@appspot.gserviceaccount.com","updateTime":"2021-06-03T21:52:33.049Z","versionId":"27","labels":{"deployment-callable":"true","deployment-tool":"cli-firebase"},"sourceUploadUrl":"https://storage.googleapis.com/gcf-upload-us-central1-6deb109f-353c-49b0-9642-0086fefc1854/4e6a521c-1cdb-4310-9b64-96db4ec01dd0.zip?GoogleAccessId=service-940959377089@gcf-admin-robot.iam.gserviceaccount.com&Expires=1622759483&Signature=FfGmOo2rppX2mRnEHg%2BE1yYGOsOWath1QUZRtSbr2ag35lyNzfcD%2FHI9xcHXVrIQBUBDU1EJhkFH9JBL3XQXOVe3WP0oN0CqRs2H%2F4UCEwitpYkceXXIMMeBX%2BFulPsbjr2IEUu5tuJJtjcnohCcx32uxnrF7pUOHPs1VR13Jb9Zdmd2EQejeNBtR%2Fga2%2B3wG7dOcREwv6R0H9cs5RuXvAzeRVCdf2YChGdQv7XdSPuhplJsrtoYgqFWAyan6j2nBmym9AFduq0Z1HosSwjUL5IRU1uAWIAIp%2Bjk8EfZPRfVPpS3r%2FeC7Xd5jNurnsxoFhBll0gw3Af%2F7NqesgJqwA%3D%3D","environmentVariables":{"FIREBASE_CONFIG":"{\"projectId\":\"dax-365\",\"databaseURL\":\"https://dax-365-default-rtdb.europe-west1.firebasedatabase.app\",\"storageBucket\":\"dax-365.appspot.com\",\"locationId\":\"europe-west\"}"},"runtime":"nodejs14","ingressSettings":"ALLOW_ALL","buildId":"a9e73565-a7e7-4feb-86f6-d83dec17591b"},"versionId":"28","updateTime":"2021-06-03T22:01:25Z","buildId":"34785e15-2f9c-4b18-bbf1-4c8f793c3da3","buildName":"projects/940959377089/locations/us-central1/builds/34785e15-2f9c-4b18-bbf1-4c8f793c3da3"}}
[debug] [2021-06-03T22:01:35.484Z] [update-projects/dax-365/locations/us-central1/functions/completeProfile] Retrying task index 0
[debug] [2021-06-03T22:01:35.485Z] >>> [apiv2][query] GET https://cloudfunctions.googleapis.com/v1/operations/ZGF4LTM2NS91cy1jZW50cmFsMS9jb21wbGV0ZVByb2ZpbGUvcjFzbUM4Z3hhczQ [none]
[debug] [2021-06-03T22:01:36.082Z] <<< [apiv2][status] GET https://cloudfunctions.googleapis.com/v1/operations/ZGF4LTM2NS91cy1jZW50cmFsMS9jb21wbGV0ZVByb2ZpbGUvcjFzbUM4Z3hhczQ 200
[debug] [2021-06-03T22:01:36.082Z] <<< [apiv2][body] GET https://cloudfunctions.googleapis.com/v1/operations/ZGF4LTM2NS91cy1jZW50cmFsMS9jb21wbGV0ZVByb2ZpbGUvcjFzbUM4Z3hhczQ {"name":"operations/ZGF4LTM2NS91cy1jZW50cmFsMS9jb21wbGV0ZVByb2ZpbGUvcjFzbUM4Z3hhczQ","metadata":{"@type":"type.googleapis.com/google.cloud.functions.v1.OperationMetadataV1","target":"projects/dax-365/locations/us-central1/functions/completeProfile","type":"UPDATE_FUNCTION","request":{"@type":"type.googleapis.com/google.cloud.functions.v1.CloudFunction","name":"projects/dax-365/locations/us-central1/functions/completeProfile","httpsTrigger":{"url":"https://us-central1-dax-365.cloudfunctions.net/completeProfile","securityLevel":"SECURE_OPTIONAL"},"status":"ACTIVE","entryPoint":"completeProfile","timeout":"60s","availableMemoryMb":256,"serviceAccountEmail":"dax-365@appspot.gserviceaccount.com","updateTime":"2021-06-03T21:52:33.049Z","versionId":"27","labels":{"deployment-callable":"true","deployment-tool":"cli-firebase"},"sourceUploadUrl":"https://storage.googleapis.com/gcf-upload-us-central1-6deb109f-353c-49b0-9642-0086fefc1854/4e6a521c-1cdb-4310-9b64-96db4ec01dd0.zip?GoogleAccessId=service-940959377089@gcf-admin-robot.iam.gserviceaccount.com&Expires=1622759483&Signature=FfGmOo2rppX2mRnEHg%2BE1yYGOsOWath1QUZRtSbr2ag35lyNzfcD%2FHI9xcHXVrIQBUBDU1EJhkFH9JBL3XQXOVe3WP0oN0CqRs2H%2F4UCEwitpYkceXXIMMeBX%2BFulPsbjr2IEUu5tuJJtjcnohCcx32uxnrF7pUOHPs1VR13Jb9Zdmd2EQejeNBtR%2Fga2%2B3wG7dOcREwv6R0H9cs5RuXvAzeRVCdf2YChGdQv7XdSPuhplJsrtoYgqFWAyan6j2nBmym9AFduq0Z1HosSwjUL5IRU1uAWIAIp%2Bjk8EfZPRfVPpS3r%2FeC7Xd5jNurnsxoFhBll0gw3Af%2F7NqesgJqwA%3D%3D","environmentVariables":{"FIREBASE_CONFIG":"{\"projectId\":\"dax-365\",\"databaseURL\":\"https://dax-365-default-rtdb.europe-west1.firebasedatabase.app\",\"storageBucket\":\"dax-365.appspot.com\",\"locationId\":\"europe-west\"}"},"runtime":"nodejs14","ingressSettings":"ALLOW_ALL","buildId":"a9e73565-a7e7-4feb-86f6-d83dec17591b"},"versionId":"28","updateTime":"2021-06-03T22:01:25Z","buildId":"34785e15-2f9c-4b18-bbf1-4c8f793c3da3","buildName":"projects/940959377089/locations/us-central1/builds/34785e15-2f9c-4b18-bbf1-4c8f793c3da3"}}
[debug] [2021-06-03T22:01:44.088Z] [update-projects/dax-365/locations/us-central1/functions/completeProfile] Retrying task index 0
[debug] [2021-06-03T22:01:44.088Z] >>> [apiv2][query] GET https://cloudfunctions.googleapis.com/v1/operations/ZGF4LTM2NS91cy1jZW50cmFsMS9jb21wbGV0ZVByb2ZpbGUvcjFzbUM4Z3hhczQ [none]
[debug] [2021-06-03T22:01:44.840Z] <<< [apiv2][status] GET https://cloudfunctions.googleapis.com/v1/operations/ZGF4LTM2NS91cy1jZW50cmFsMS9jb21wbGV0ZVByb2ZpbGUvcjFzbUM4Z3hhczQ 200
[debug] [2021-06-03T22:01:44.840Z] <<< [apiv2][body] GET https://cloudfunctions.googleapis.com/v1/operations/ZGF4LTM2NS91cy1jZW50cmFsMS9jb21wbGV0ZVByb2ZpbGUvcjFzbUM4Z3hhczQ {"name":"operations/ZGF4LTM2NS91cy1jZW50cmFsMS9jb21wbGV0ZVByb2ZpbGUvcjFzbUM4Z3hhczQ","metadata":{"@type":"type.googleapis.com/google.cloud.functions.v1.OperationMetadataV1","target":"projects/dax-365/locations/us-central1/functions/completeProfile","type":"UPDATE_FUNCTION","request":{"@type":"type.googleapis.com/google.cloud.functions.v1.CloudFunction","name":"projects/dax-365/locations/us-central1/functions/completeProfile","httpsTrigger":{"url":"https://us-central1-dax-365.cloudfunctions.net/completeProfile","securityLevel":"SECURE_OPTIONAL"},"status":"ACTIVE","entryPoint":"completeProfile","timeout":"60s","availableMemoryMb":256,"serviceAccountEmail":"dax-365@appspot.gserviceaccount.com","updateTime":"2021-06-03T21:52:33.049Z","versionId":"27","labels":{"deployment-callable":"true","deployment-tool":"cli-firebase"},"sourceUploadUrl":"https://storage.googleapis.com/gcf-upload-us-central1-6deb109f-353c-49b0-9642-0086fefc1854/4e6a521c-1cdb-4310-9b64-96db4ec01dd0.zip?GoogleAccessId=service-940959377089@gcf-admin-robot.iam.gserviceaccount.com&Expires=1622759483&Signature=FfGmOo2rppX2mRnEHg%2BE1yYGOsOWath1QUZRtSbr2ag35lyNzfcD%2FHI9xcHXVrIQBUBDU1EJhkFH9JBL3XQXOVe3WP0oN0CqRs2H%2F4UCEwitpYkceXXIMMeBX%2BFulPsbjr2IEUu5tuJJtjcnohCcx32uxnrF7pUOHPs1VR13Jb9Zdmd2EQejeNBtR%2Fga2%2B3wG7dOcREwv6R0H9cs5RuXvAzeRVCdf2YChGdQv7XdSPuhplJsrtoYgqFWAyan6j2nBmym9AFduq0Z1HosSwjUL5IRU1uAWIAIp%2Bjk8EfZPRfVPpS3r%2FeC7Xd5jNurnsxoFhBll0gw3Af%2F7NqesgJqwA%3D%3D","environmentVariables":{"FIREBASE_CONFIG":"{\"projectId\":\"dax-365\",\"databaseURL\":\"https://dax-365-default-rtdb.europe-west1.firebasedatabase.app\",\"storageBucket\":\"dax-365.appspot.com\",\"locationId\":\"europe-west\"}"},"runtime":"nodejs14","ingressSettings":"ALLOW_ALL","buildId":"a9e73565-a7e7-4feb-86f6-d83dec17591b"},"versionId":"28","updateTime":"2021-06-03T22:01:25Z","buildId":"34785e15-2f9c-4b18-bbf1-4c8f793c3da3","buildName":"projects/940959377089/locations/us-central1/builds/34785e15-2f9c-4b18-bbf1-4c8f793c3da3"}}
[debug] [2021-06-03T22:02:00.845Z] [update-projects/dax-365/locations/us-central1/functions/completeProfile] Retrying task index 0
[debug] [2021-06-03T22:02:00.846Z] >>> [apiv2][query] GET https://cloudfunctions.googleapis.com/v1/operations/ZGF4LTM2NS91cy1jZW50cmFsMS9jb21wbGV0ZVByb2ZpbGUvcjFzbUM4Z3hhczQ [none]
[debug] [2021-06-03T22:02:01.479Z] <<< [apiv2][status] GET https://cloudfunctions.googleapis.com/v1/operations/ZGF4LTM2NS91cy1jZW50cmFsMS9jb21wbGV0ZVByb2ZpbGUvcjFzbUM4Z3hhczQ 200
[debug] [2021-06-03T22:02:01.479Z] <<< [apiv2][body] GET https://cloudfunctions.googleapis.com/v1/operations/ZGF4LTM2NS91cy1jZW50cmFsMS9jb21wbGV0ZVByb2ZpbGUvcjFzbUM4Z3hhczQ {"name":"operations/ZGF4LTM2NS91cy1jZW50cmFsMS9jb21wbGV0ZVByb2ZpbGUvcjFzbUM4Z3hhczQ","metadata":{"@type":"type.googleapis.com/google.cloud.functions.v1.OperationMetadataV1","target":"projects/dax-365/locations/us-central1/functions/completeProfile","type":"UPDATE_FUNCTION","request":{"@type":"type.googleapis.com/google.cloud.functions.v1.CloudFunction","name":"projects/dax-365/locations/us-central1/functions/completeProfile","httpsTrigger":{"url":"https://us-central1-dax-365.cloudfunctions.net/completeProfile","securityLevel":"SECURE_OPTIONAL"},"status":"ACTIVE","entryPoint":"completeProfile","timeout":"60s","availableMemoryMb":256,"serviceAccountEmail":"dax-365@appspot.gserviceaccount.com","updateTime":"2021-06-03T21:52:33.049Z","versionId":"27","labels":{"deployment-callable":"true","deployment-tool":"cli-firebase"},"sourceUploadUrl":"https://storage.googleapis.com/gcf-upload-us-central1-6deb109f-353c-49b0-9642-0086fefc1854/4e6a521c-1cdb-4310-9b64-96db4ec01dd0.zip?GoogleAccessId=service-940959377089@gcf-admin-robot.iam.gserviceaccount.com&Expires=1622759483&Signature=FfGmOo2rppX2mRnEHg%2BE1yYGOsOWath1QUZRtSbr2ag35lyNzfcD%2FHI9xcHXVrIQBUBDU1EJhkFH9JBL3XQXOVe3WP0oN0CqRs2H%2F4UCEwitpYkceXXIMMeBX%2BFulPsbjr2IEUu5tuJJtjcnohCcx32uxnrF7pUOHPs1VR13Jb9Zdmd2EQejeNBtR%2Fga2%2B3wG7dOcREwv6R0H9cs5RuXvAzeRVCdf2YChGdQv7XdSPuhplJsrtoYgqFWAyan6j2nBmym9AFduq0Z1HosSwjUL5IRU1uAWIAIp%2Bjk8EfZPRfVPpS3r%2FeC7Xd5jNurnsxoFhBll0gw3Af%2F7NqesgJqwA%3D%3D","environmentVariables":{"FIREBASE_CONFIG":"{\"projectId\":\"dax-365\",\"databaseURL\":\"https://dax-365-default-rtdb.europe-west1.firebasedatabase.app\",\"storageBucket\":\"dax-365.appspot.com\",\"locationId\":\"europe-west\"}"},"runtime":"nodejs14","ingressSettings":"ALLOW_ALL","buildId":"a9e73565-a7e7-4feb-86f6-d83dec17591b"},"versionId":"28","updateTime":"2021-06-03T22:01:25Z","buildId":"34785e15-2f9c-4b18-bbf1-4c8f793c3da3","buildName":"projects/940959377089/locations/us-central1/builds/34785e15-2f9c-4b18-bbf1-4c8f793c3da3"}}
